  main.cpp
main.cpp(90): warning C4838: 'double'에서 'int'(으)로의 변환에는 축소 변환이 필요합니다.
main.cpp(90): warning C4244: '초기화 중': 'double'에서 'int'(으)로 변환하면서 데이터가 손실될 수 있습니다.
main.cpp(98): warning C4244: '초기화 중': 'double'에서 'int'(으)로 변환하면서 데이터가 손실될 수 있습니다.
main.cpp(186): warning C4101: 'radius' :참조되지 않은 지역 변수입니다.
  vlens.cpp
vlens.cpp(73): warning C4244: '인수': 'double'에서 'int'(으)로 변환하면서 데이터가 손실될 수 있습니다.
vlens.cpp(246): warning C4305: '초기화 중': 'double'에서 'float'(으)로 잘립니다.
vlens.cpp(247): warning C4305: '초기화 중': 'double'에서 'float'(으)로 잘립니다.
vlens.cpp(250): warning C4244: '초기화 중': 'double'에서 'int'(으)로 변환하면서 데이터가 손실될 수 있습니다.
vlens.cpp(251): warning C4244: '초기화 중': 'double'에서 'int'(으)로 변환하면서 데이터가 손실될 수 있습니다.
vlens.cpp(326): warning C4244: '인수': 'double'에서 'int'(으)로 변환하면서 데이터가 손실될 수 있습니다.
vlens.cpp(331): warning C4244: '인수': 'double'에서 'int'(으)로 변환하면서 데이터가 손실될 수 있습니다.
vlens.cpp(350): warning C4244: '초기화 중': 'double'에서 'float'(으)로 변환하면서 데이터가 손실될 수 있습니다.
vlens.cpp(351): warning C4244: '초기화 중': 'double'에서 'float'(으)로 변환하면서 데이터가 손실될 수 있습니다.
vlens.cpp(387): warning C4244: '=': 'double'에서 'float'(으)로 변환하면서 데이터가 손실될 수 있습니다.
vlens.cpp(395): warning C4244: '=': 'double'에서 'uchar'(으)로 변환하면서 데이터가 손실될 수 있습니다.
vlens.cpp(480): warning C4244: '초기화 중': 'double'에서 'float'(으)로 변환하면서 데이터가 손실될 수 있습니다.
vlens.cpp(480): warning C4244: '초기화 중': 'double'에서 'const float'(으)로 변환하면서 데이터가 손실될 수 있습니다.
vlens.cpp(592): warning C4244: 'return': 'double'에서 'int'(으)로 변환하면서 데이터가 손실될 수 있습니다.
vlens.cpp(623): warning C4244: 'return': 'double'에서 'int'(으)로 변환하면서 데이터가 손실될 수 있습니다.
vlens.cpp(734): warning C4244: '인수': 'double'에서 'int'(으)로 변환하면서 데이터가 손실될 수 있습니다.
vlens.cpp(744): warning C4244: '인수': 'const float'에서 'int'(으)로 변환하면서 데이터가 손실될 수 있습니다.
  코드를 생성하고 있습니다.
  11 of 1264 functions ( 0.9%) were compiled, the rest were copied from previous compilation.
    3 functions were new in current compilation
    31 functions had inline decision re-evaluated but remain unchanged
  코드를 생성했습니다.
  vlens_semiauto.vcxproj -> D:\project\vlens_semiauto\vlens_semiauto\Release\vlens_semiauto.exe
